<?xml version="1.0" encoding="UTF-8"?>
<!-- Generated by org.testng.reporters.JUnitXMLReporter -->
<testsuite ignored="0" hostname="COREPW0CFCW7" failures="1" tests="1" name="Default test" time="21.867" errors="0" timestamp="2024-11-22T11:45:53 IST">
  <testcase classname="io.cucumber.testng.AbstractTestNGCucumberTests" name="runScenario" time="20.702">
    <failure type="java.lang.NullPointerException" message="Cannot invoke &amp;quot;Steaphenrahul.ProductCataloguePage.getProductlist()&amp;quot; because &amp;quot;this.productCatalogue&amp;quot; is null">
      <![CDATA[java.lang.NullPointerException: Cannot invoke "Steaphenrahul.ProductCataloguePage.getProductlist()" because "this.productCatalogue" is null
at Steaphenrahul.stepDefintions.StepDefinitions.Add_Product_to_Cart(StepDefinitions.java:41)
at ✽.I add the ZARA COAT 3 to Cart(file:///C:/Users/52344039/eclipse-workspace/SampleFrameworkdesign/src/test/java/cucumber/PurchaseOrder.feature:12)
]]>
    </failure>
  </testcase> <!-- runScenario -->
</testsuite> <!-- Default test -->
