<?xml version="1.0" encoding="UTF-8"?>
<!-- Generated by org.testng.reporters.JUnitXMLReporter -->
<testsuite ignored="2" hostname="COREPW0CFCW7" failures="0" tests="0" time="0.001" errors="0" timestamp="2024-11-05T18:41:59 IST">
  <testcase classname="Steaphenrahul.errorValidationsTest" name="ProducterrorValidationsTest" time="0.0">
    <ignored/>
  </testcase> <!-- ProducterrorValidationsTest -->
  <testcase classname="Steaphenrahul.errorValidationsTest" name="submitorder" time="0.0">
    <ignored/>
  </testcase> <!-- submitorder -->
</testsuite>
