<?xml version="1.0" encoding="UTF-8"?>
<!-- Generated by org.testng.reporters.JUnitXMLReporter -->
<testsuite ignored="0" hostname="COREPW0CFCW7" failures="2" tests="2" name="SubmitOrderTest" time="0.098" errors="0" timestamp="2024-11-05T18:41:59 IST">
  <testcase classname="Steaphenrahul.SubmitOrdertest" name="submitorder" time="0.014">
    <failure type="java.lang.NullPointerException" message="Cannot invoke &amp;quot;Steaphenrahul.Landingpage.loginapplication(String, String)&amp;quot; because &amp;quot;this.landingPage&amp;quot; is null">
      <![CDATA[java.lang.NullPointerException: Cannot invoke "Steaphenrahul.Landingpage.loginapplication(String, String)" because "this.landingPage" is null
at Steaphenrahul.SubmitOrdertest.submitorder(SubmitOrdertest.java:35)
at java.base/java.util.ArrayList.forEach(ArrayList.java:1597)
... Removed 25 stack frames]]>
    </failure>
  </testcase> <!-- submitorder -->
  <testcase classname="Steaphenrahul.SubmitOrdertest" name="submitorder" time="0.003">
    <failure type="java.lang.NullPointerException" message="Cannot invoke &amp;quot;Steaphenrahul.Landingpage.loginapplication(String, String)&amp;quot; because &amp;quot;this.landingPage&amp;quot; is null">
      <![CDATA[java.lang.NullPointerException: Cannot invoke "Steaphenrahul.Landingpage.loginapplication(String, String)" because "this.landingPage" is null
at Steaphenrahul.SubmitOrdertest.submitorder(SubmitOrdertest.java:35)
at java.base/java.util.ArrayList.forEach(ArrayList.java:1597)
... Removed 25 stack frames]]>
    </failure>
  </testcase> <!-- submitorder -->
</testsuite> <!-- SubmitOrderTest -->
