<?xml version="1.0" encoding="UTF-8"?>
<!-- Generated by org.testng.reporters.JUnitXMLReporter -->
<testsuite ignored="0" hostname="COREPW0CFCW7" failures="1" tests="4" name="Test" time="30.216" errors="0" timestamp="2024-11-14T20:11:54 IST">
  <testcase classname="Steaphenrahul.SubmitOrdertest" name="submitorder" time="4.561"/>
  <testcase classname="Steaphenrahul.SubmitOrdertest" name="submitorder" time="5.213"/>
  <testcase classname="Steaphenrahul.errorValidationsTest" name="LoginErrorValidation" time="0.572">
    <failure type="junit.framework.ComparisonFailure" message="expected:&amp;lt;......&amp;gt; but was:&amp;lt;...or ...&amp;gt;">
      <![CDATA[junit.framework.ComparisonFailure: expected:<......> but was:<...or ...>
at junit.framework.Assert.assertEquals(Assert.java:81)
at junit.framework.Assert.assertEquals(Assert.java:87)
at Steaphenrahul.errorValidationsTest.LoginErrorValidation(errorValidationsTest.java:23)
at java.base/java.util.ArrayList.forEach(ArrayList.java:1597)
at java.base/java.util.concurrent.FutureTask.run(FutureTask.java:317)
at java.base/java.util.concurrent.ThreadPoolExecutor.runWorker(ThreadPoolExecutor.java:1144)
at java.base/java.util.concurrent.ThreadPoolExecutor$Worker.run(ThreadPoolExecutor.java:642)
at java.base/java.lang.Thread.run(Thread.java:1570)
... Removed 15 stack frames]]>
    </failure>
  </testcase> <!-- LoginErrorValidation -->
  <testcase classname="Steaphenrahul.errorValidationsTest" name="ProducterrorValidationsTest" time="3.234"/>
</testsuite> <!-- Test -->
