<?xml version="1.0" encoding="UTF-8"?>
<testng-results ignored="0" total="1" passed="0" failed="1" skipped="0">
  <reporter-output>
  </reporter-output>
  <suite started-at="2024-11-22T11:45:31 IST" name="Default suite" finished-at="2024-11-22T11:45:53 IST" duration-ms="21867">
    <groups>
      <group name="cucumber">
        <method signature="AbstractTestNGCucumberTests.runScenario(io.cucumber.testng.PickleWrapper,io.cucumber.testng.FeatureWrapper)[pri:0, instance:cucumber.TestNgTestRunner@14fc5f04]" name="runScenario" class="io.cucumber.testng.AbstractTestNGCucumberTests"/>
      </group> <!-- cucumber -->
    </groups>
    <test started-at="2024-11-22T11:45:31 IST" name="Default test" finished-at="2024-11-22T11:45:53 IST" duration-ms="21867">
      <class name="cucumber.TestNgTestRunner">
        <test-method is-config="true" signature="setUpClass(org.testng.ITestContext)[pri:0, instance:cucumber.TestNgTestRunner@14fc5f04]" started-at="2024-11-22T11:45:31 IST" name="setUpClass" finished-at="2024-11-22T11:45:32 IST" duration-ms="1062" status="PASS">
          <params>
            <param index="0">
              <value>
                <![CDATA[org.testng.TestRunner@7f323b3a]]>
              </value>
            </param>
          </params>
          <reporter-output>
          </reporter-output>
        </test-method> <!-- setUpClass -->
        <test-method signature="runScenario(io.cucumber.testng.PickleWrapper,io.cucumber.testng.FeatureWrapper)[pri:0, instance:cucumber.TestNgTestRunner@14fc5f04]" started-at="2024-11-22T11:45:32 IST" name="runScenario" description="Runs Cucumber Scenarios" data-provider="scenarios" finished-at="2024-11-22T11:45:53 IST" duration-ms="20702" status="FAIL">
          <params>
            <param index="0">
              <value>
                <![CDATA["positive test of submitting order"]]>
              </value>
            </param>
            <param index="1">
              <value>
                <![CDATA["Purchase the order from Ecommerce website x"]]>
              </value>
            </param>
          </params>
          <exception class="java.lang.NullPointerException">
            <message>
              <![CDATA[Cannot invoke "Steaphenrahul.ProductCataloguePage.getProductlist()" because "this.productCatalogue" is null]]>
            </message>
            <full-stacktrace>
              <![CDATA[java.lang.NullPointerException: Cannot invoke "Steaphenrahul.ProductCataloguePage.getProductlist()" because "this.productCatalogue" is null
at Steaphenrahul.stepDefintions.StepDefinitions.Add_Product_to_Cart(StepDefinitions.java:41)
at ✽.I add the ZARA COAT 3 to Cart(file:///C:/Users/52344039/eclipse-workspace/SampleFrameworkdesign/src/test/java/cucumber/PurchaseOrder.feature:12)
]]>
            </full-stacktrace>
          </exception> <!-- java.lang.NullPointerException -->
          <reporter-output>
          </reporter-output>
        </test-method> <!-- runScenario -->
        <test-method is-config="true" signature="tearDownClass()[pri:0, instance:cucumber.TestNgTestRunner@14fc5f04]" started-at="2024-11-22T11:45:53 IST" name="tearDownClass" finished-at="2024-11-22T11:45:53 IST" duration-ms="28" status="PASS">
          <reporter-output>
          </reporter-output>
        </test-method> <!-- tearDownClass -->
      </class> <!-- cucumber.TestNgTestRunner -->
    </test> <!-- Default test -->
  </suite> <!-- Default suite -->
</testng-results>
