<?xml version="1.0" encoding="UTF-8"?>
<!-- Generated by org.testng.reporters.JUnitReportReporter -->
<testsuite hostname="COREPW0CFCW7" failures="0" tests="1" name="cucumber.TestNgTestRunner" time="20.702" errors="1" timestamp="2024-11-22T11:45:53 IST" skipped="0">
  <testcase classname="cucumber.TestNgTestRunner" name="runScenario" time="20.702">
    <error message="Cannot invoke &quot;Steaphenrahul.ProductCataloguePage.getProductlist()&quot; because &quot;this.productCatalogue&quot; is null" type="java.lang.NullPointerException">
      <![CDATA[java.lang.NullPointerException: Cannot invoke "Steaphenrahul.ProductCataloguePage.getProductlist()" because "this.productCatalogue" is null
at Steaphenrahul.stepDefintions.StepDefinitions.Add_Product_to_Cart(StepDefinitions.java:41)
at ✽.I add the ZARA COAT 3 to Cart(file:///C:/Users/52344039/eclipse-workspace/SampleFrameworkdesign/src/test/java/cucumber/PurchaseOrder.feature:12)
]]>
    </error>
  </testcase> <!-- runScenario -->
</testsuite> <!-- cucumber.TestNgTestRunner -->
